Flow report for BCD
Wed Apr 05 23:25:10 2017
Quartus II Version 9.1 Build 222 10/21/2009 SJ Web Edition


---------------------
; Table of Contents ;
---------------------
  1. Legal Notice
  2. Flow Summary
  3. Flow Settings
  4. Flow Non-Default Global Settings
  5. Flow Elapsed Time
  6. Flow OS Summary
  7. Flow Log



----------------
; Legal Notice ;
----------------
Copyright (C) 1991-2009 Altera Corporation
Your use of Altera Corporation's design tools, logic functions 
and other software and tools, and its AMPP partner logic 
functions, and any output files from any of the foregoing 
(including device programming or simulation files), and any 
associated documentation or information are expressly subject 
to the terms and conditions of the Altera Program License 
Subscription Agreement, Altera MegaCore Function License 
Agreement, or other applicable license agreement, including, 
without limitation, that your use is for the sole purpose of 
programming logic devices manufactured by Altera and sold by 
Altera or its authorized distributors.  Please refer to the 
applicable agreement for further details.



+-------------------------------------------------------------------+
; Flow Summary                                                      ;
+-------------------------+-----------------------------------------+
; Flow Status             ; Successful - Wed Apr 05 23:25:10 2017   ;
; Quartus II Version      ; 9.1 Build 222 10/21/2009 SJ Web Edition ;
; Revision Name           ; BCD                                     ;
; Top-level Entity Name   ; BCDCounter_3digit                       ;
; Family                  ; Cyclone                                 ;
; Device                  ; EP1C3T144C8                             ;
; Timing Models           ; Final                                   ;
; Met timing requirements ; Yes                                     ;
; Total logic elements    ; 55 / 2,910 ( 2 % )                      ;
; Total pins              ; 16 / 104 ( 15 % )                       ;
; Total virtual pins      ; 0                                       ;
; Total memory bits       ; 0 / 59,904 ( 0 % )                      ;
; Total PLLs              ; 0 / 1 ( 0 % )                           ;
+-------------------------+-----------------------------------------+


+-----------------------------------------+
; Flow Settings                           ;
+-------------------+---------------------+
; Option            ; Setting             ;
+-------------------+---------------------+
; Start date & time ; 04/05/2017 23:25:03 ;
; Main task         ; Compilation         ;
; Revision Name     ; BCD                 ;
+-------------------+---------------------+


+-------------------------------------------------------------------------------------------------------------------------+
; Flow Non-Default Global Settings                                                                                        ;
+------------------------------------+-------------------------------+---------------+-------------------+----------------+
; Assignment Name                    ; Value                         ; Default Value ; Entity Name       ; Section Id     ;
+------------------------------------+-------------------------------+---------------+-------------------+----------------+
; COMPILER_SIGNATURE_ID              ; 9218713073129.149142390308932 ; --            ; --                ; --             ;
; MAX_CORE_JUNCTION_TEMP             ; 85                            ; --            ; --                ; --             ;
; MIN_CORE_JUNCTION_TEMP             ; 0                             ; --            ; --                ; --             ;
; PARTITION_COLOR                    ; 16764057                      ; --            ; BCDCounter_3digit ; Top            ;
; PARTITION_NETLIST_TYPE             ; SOURCE                        ; --            ; BCDCounter_3digit ; Top            ;
; TOP_LEVEL_ENTITY                   ; BCDCounter_3digit             ; BCD           ; --                ; --             ;
; USE_GENERATED_PHYSICAL_CONSTRAINTS ; Off                           ; --            ; --                ; eda_blast_fpga ;
+------------------------------------+-------------------------------+---------------+-------------------+----------------+


+-----------------------------------------------------------------------------------------------------------------------------+
; Flow Elapsed Time                                                                                                           ;
+-------------------------+--------------+-------------------------+---------------------+------------------------------------+
; Module Name             ; Elapsed Time ; Average Processors Used ; Peak Virtual Memory ; Total CPU Time (on all processors) ;
+-------------------------+--------------+-------------------------+---------------------+------------------------------------+
; Analysis & Synthesis    ; 00:00:01     ; 1.0                     ; 241 MB              ; 00:00:01                           ;
; Fitter                  ; 00:00:02     ; 1.0                     ; 255 MB              ; 00:00:02                           ;
; Assembler               ; 00:00:01     ; 1.0                     ; 222 MB              ; 00:00:00                           ;
; Classic Timing Analyzer ; 00:00:01     ; 1.0                     ; 187 MB              ; 00:00:00                           ;
; Total                   ; 00:00:05     ; --                      ; --                  ; 00:00:03                           ;
+-------------------------+--------------+-------------------------+---------------------+------------------------------------+


+------------------------------------------------------------------------------------------+
; Flow OS Summary                                                                          ;
+-------------------------+------------------+---------------+------------+----------------+
; Module Name             ; Machine Hostname ; OS Name       ; OS Version ; Processor type ;
+-------------------------+------------------+---------------+------------+----------------+
; Analysis & Synthesis    ; DESKTOP-LGVM3AB  ; Windows Vista ; 6.2        ; x86_64         ;
; Fitter                  ; DESKTOP-LGVM3AB  ; Windows Vista ; 6.2        ; x86_64         ;
; Assembler               ; DESKTOP-LGVM3AB  ; Windows Vista ; 6.2        ; x86_64         ;
; Classic Timing Analyzer ; DESKTOP-LGVM3AB  ; Windows Vista ; 6.2        ; x86_64         ;
+-------------------------+------------------+---------------+------------+----------------+


------------
; Flow Log ;
------------
quartus_map --read_settings_files=on --write_settings_files=off BCD -c BCD
quartus_fit --read_settings_files=off --write_settings_files=off BCD -c BCD
quartus_asm --read_settings_files=off --write_settings_files=off BCD -c BCD
quartus_tan --read_settings_files=off --write_settings_files=off BCD -c BCD --timing_analysis_only



