Classic Timing Analyzer report for Debouncer
Thu Apr 06 13:06:13 2017
Quartus II Version 9.1 Build 222 10/21/2009 SJ Web Edition


---------------------
; Table of Contents ;
---------------------
  1. Legal Notice
  2. Timing Analyzer Summary
  3. Timing Analyzer Settings
  4. Clock Settings Summary
  5. Parallel Compilation
  6. Clock Setup: 'Clk'
  7. tsu
  8. tco
  9. th
 10. Timing Analyzer Messages



----------------
; Legal Notice ;
----------------
Copyright (C) 1991-2009 Altera Corporation
Your use of Altera Corporation's design tools, logic functions 
and other software and tools, and its AMPP partner logic 
functions, and any output files from any of the foregoing 
(including device programming or simulation files), and any 
associated documentation or information are expressly subject 
to the terms and conditions of the Altera Program License 
Subscription Agreement, Altera MegaCore Function License 
Agreement, or other applicable license agreement, including, 
without limitation, that your use is for the sole purpose of 
programming logic devices manufactured by Altera and sold by 
Altera or its authorized distributors.  Please refer to the 
applicable agreement for further details.



+-------------------------------------------------------------------------------------------------------------------------------------------------------------------------------------------------+
; Timing Analyzer Summary                                                                                                                                                                         ;
+------------------------------+-------+---------------+------------------------------------------------+------------------------+-------------------------+------------+----------+--------------+
; Type                         ; Slack ; Required Time ; Actual Time                                    ; From                   ; To                      ; From Clock ; To Clock ; Failed Paths ;
+------------------------------+-------+---------------+------------------------------------------------+------------------------+-------------------------+------------+----------+--------------+
; Worst-case tsu               ; N/A   ; None          ; 5.000 ns                                       ; SwOut                  ; Debouncer1:DB1|DelayEn  ; --         ; Clk      ; 0            ;
; Worst-case tco               ; N/A   ; None          ; 6.508 ns                                       ; Debouncer1:DB1|OutDB1  ; SwOutDB1                ; Clk        ; --       ; 0            ;
; Worst-case th                ; N/A   ; None          ; -4.339 ns                                      ; SwOut                  ; Debouncer2:DB2|SwOut_d1 ; --         ; Clk      ; 0            ;
; Clock Setup: 'Clk'           ; N/A   ; None          ; Restricted to 275.03 MHz ( period = 3.636 ns ) ; Debouncer2:DB2|Cntr[0] ; Debouncer1:DB1|DelayEn  ; Clk        ; Clk      ; 0            ;
; Total number of failed paths ;       ;               ;                                                ;                        ;                         ;            ;          ; 0            ;
+------------------------------+-------+---------------+------------------------------------------------+------------------------+-------------------------+------------+----------+--------------+


+-----------------------------------------------------------------------------------------------------------------------------------------------------+
; Timing Analyzer Settings                                                                                                                            ;
+------------------------------------------------------------------------------------------------------+--------------------+------+----+-------------+
; Option                                                                                               ; Setting            ; From ; To ; Entity Name ;
+------------------------------------------------------------------------------------------------------+--------------------+------+----+-------------+
; Device Name                                                                                          ; EP1C3T144C8        ;      ;    ;             ;
; Timing Models                                                                                        ; Final              ;      ;    ;             ;
; Default hold multicycle                                                                              ; Same as Multicycle ;      ;    ;             ;
; Cut paths between unrelated clock domains                                                            ; On                 ;      ;    ;             ;
; Cut off read during write signal paths                                                               ; On                 ;      ;    ;             ;
; Cut off feedback from I/O pins                                                                       ; On                 ;      ;    ;             ;
; Report Combined Fast/Slow Timing                                                                     ; Off                ;      ;    ;             ;
; Ignore Clock Settings                                                                                ; Off                ;      ;    ;             ;
; Analyze latches as synchronous elements                                                              ; On                 ;      ;    ;             ;
; Enable Recovery/Removal analysis                                                                     ; Off                ;      ;    ;             ;
; Enable Clock Latency                                                                                 ; Off                ;      ;    ;             ;
; Use TimeQuest Timing Analyzer                                                                        ; Off                ;      ;    ;             ;
; Minimum Core Junction Temperature                                                                    ; 0                  ;      ;    ;             ;
; Maximum Core Junction Temperature                                                                    ; 85                 ;      ;    ;             ;
; Number of source nodes to report per destination node                                                ; 10                 ;      ;    ;             ;
; Number of destination nodes to report                                                                ; 10                 ;      ;    ;             ;
; Number of paths to report                                                                            ; 200                ;      ;    ;             ;
; Report Minimum Timing Checks                                                                         ; Off                ;      ;    ;             ;
; Use Fast Timing Models                                                                               ; Off                ;      ;    ;             ;
; Report IO Paths Separately                                                                           ; Off                ;      ;    ;             ;
; Perform Multicorner Analysis                                                                         ; Off                ;      ;    ;             ;
; Reports the worst-case path for each clock domain and analysis                                       ; Off                ;      ;    ;             ;
; Reports worst-case timing paths for each clock domain and analysis                                   ; On                 ;      ;    ;             ;
; Specifies the maximum number of worst-case timing paths to report for each clock domain and analysis ; 100                ;      ;    ;             ;
; Removes common clock path pessimism (CCPP) during slack computation                                  ; Off                ;      ;    ;             ;
; Output I/O Timing Endpoint                                                                           ; Near End           ;      ;    ;             ;
+------------------------------------------------------------------------------------------------------+--------------------+------+----+-------------+


+------------------------------------------------------------------------------------------------------------------------------------------------------------------------------------+
; Clock Settings Summary                                                                                                                                                             ;
+-----------------+--------------------+----------+------------------+---------------+--------------+----------+-----------------------+---------------------+--------+--------------+
; Clock Node Name ; Clock Setting Name ; Type     ; Fmax Requirement ; Early Latency ; Late Latency ; Based on ; Multiply Base Fmax by ; Divide Base Fmax by ; Offset ; Phase offset ;
+-----------------+--------------------+----------+------------------+---------------+--------------+----------+-----------------------+---------------------+--------+--------------+
; Clk             ;                    ; User Pin ; None             ; 0.000 ns      ; 0.000 ns     ; --       ; N/A                   ; N/A                 ; N/A    ;              ;
+-----------------+--------------------+----------+------------------+---------------+--------------+----------+-----------------------+---------------------+--------+--------------+


Parallel compilation was disabled, but you have multiple processors available. Enable parallel compilation to reduce compilation time.
+-------------------------------------+
; Parallel Compilation                ;
+----------------------------+--------+
; Processors                 ; Number ;
+----------------------------+--------+
; Number detected on machine ; 2      ;
; Maximum allowed            ; 1      ;
+----------------------------+--------+


+-----------------------------------------------------------------------------------------------------------------------------------------------------------------------------------------------------------------------+
; Clock Setup: 'Clk'                                                                                                                                                                                                    ;
+-------+------------------------------------------------+-------------------------+------------------------+------------+----------+-----------------------------+---------------------------+-------------------------+
; Slack ; Actual fmax (period)                           ; From                    ; To                     ; From Clock ; To Clock ; Required Setup Relationship ; Required Longest P2P Time ; Actual Longest P2P Time ;
+-------+------------------------------------------------+-------------------------+------------------------+------------+----------+-----------------------------+---------------------------+-------------------------+
; N/A   ; Restricted to 275.03 MHz ( period = 3.636 ns ) ; Debouncer2:DB2|Cntr[0]  ; Debouncer1:DB1|DelayEn ; Clk        ; Clk      ; None                        ; None                      ; 1.619 ns                ;
; N/A   ; Restricted to 275.03 MHz ( period = 3.636 ns ) ; Debouncer1:DB1|OutDB1   ; Debouncer1:DB1|OutDB1  ; Clk        ; Clk      ; None                        ; None                      ; 1.482 ns                ;
; N/A   ; Restricted to 275.03 MHz ( period = 3.636 ns ) ; Debouncer2:DB2|Cntr[0]  ; Debouncer1:DB1|OutDB1  ; Clk        ; Clk      ; None                        ; None                      ; 1.412 ns                ;
; N/A   ; Restricted to 275.03 MHz ( period = 3.636 ns ) ; Debouncer2:DB2|Cntr[0]  ; Debouncer2:DB2|OutDB1  ; Clk        ; Clk      ; None                        ; None                      ; 1.412 ns                ;
; N/A   ; Restricted to 275.03 MHz ( period = 3.636 ns ) ; Debouncer2:DB2|Cntr[1]  ; Debouncer1:DB1|DelayEn ; Clk        ; Clk      ; None                        ; None                      ; 1.411 ns                ;
; N/A   ; Restricted to 275.03 MHz ( period = 3.636 ns ) ; Debouncer2:DB2|Cntr[0]  ; Debouncer2:DB2|Cntr[1] ; Clk        ; Clk      ; None                        ; None                      ; 1.291 ns                ;
; N/A   ; Restricted to 275.03 MHz ( period = 3.636 ns ) ; Debouncer2:DB2|Cntr[1]  ; Debouncer1:DB1|OutDB1  ; Clk        ; Clk      ; None                        ; None                      ; 1.285 ns                ;
; N/A   ; Restricted to 275.03 MHz ( period = 3.636 ns ) ; Debouncer2:DB2|Cntr[1]  ; Debouncer2:DB2|Cntr[1] ; Clk        ; Clk      ; None                        ; None                      ; 1.284 ns                ;
; N/A   ; Restricted to 275.03 MHz ( period = 3.636 ns ) ; Debouncer2:DB2|Cntr[1]  ; Debouncer2:DB2|OutDB1  ; Clk        ; Clk      ; None                        ; None                      ; 1.284 ns                ;
; N/A   ; Restricted to 275.03 MHz ( period = 3.636 ns ) ; Debouncer2:DB2|OutDB1   ; Debouncer2:DB2|OutDB1  ; Clk        ; Clk      ; None                        ; None                      ; 1.276 ns                ;
; N/A   ; Restricted to 275.03 MHz ( period = 3.636 ns ) ; Debouncer1:DB1|DelayEn  ; Debouncer2:DB2|Cntr[1] ; Clk        ; Clk      ; None                        ; None                      ; 1.142 ns                ;
; N/A   ; Restricted to 275.03 MHz ( period = 3.636 ns ) ; Debouncer1:DB1|DelayEn  ; Debouncer2:DB2|Cntr[0] ; Clk        ; Clk      ; None                        ; None                      ; 1.141 ns                ;
; N/A   ; Restricted to 275.03 MHz ( period = 3.636 ns ) ; Debouncer1:DB1|DelayEn  ; Debouncer1:DB1|DelayEn ; Clk        ; Clk      ; None                        ; None                      ; 1.138 ns                ;
; N/A   ; Restricted to 275.03 MHz ( period = 3.636 ns ) ; Debouncer2:DB2|SwOut_d1 ; Debouncer1:DB1|OutDB1  ; Clk        ; Clk      ; None                        ; None                      ; 1.133 ns                ;
; N/A   ; Restricted to 275.03 MHz ( period = 3.636 ns ) ; Debouncer2:DB2|SwOut_d1 ; Debouncer2:DB2|OutDB1  ; Clk        ; Clk      ; None                        ; None                      ; 1.132 ns                ;
; N/A   ; Restricted to 275.03 MHz ( period = 3.636 ns ) ; Debouncer2:DB2|Cntr[0]  ; Debouncer2:DB2|Cntr[0] ; Clk        ; Clk      ; None                        ; None                      ; 1.045 ns                ;
; N/A   ; Restricted to 275.03 MHz ( period = 3.636 ns ) ; Debouncer2:DB2|SwOut_d1 ; Debouncer1:DB1|DelayEn ; Clk        ; Clk      ; None                        ; None                      ; 1.043 ns                ;
+-------+------------------------------------------------+-------------------------+------------------------+------------+----------+-----------------------------+---------------------------+-------------------------+


+--------------------------------------------------------------------------------+
; tsu                                                                            ;
+-------+--------------+------------+-------+-------------------------+----------+
; Slack ; Required tsu ; Actual tsu ; From  ; To                      ; To Clock ;
+-------+--------------+------------+-------+-------------------------+----------+
; N/A   ; None         ; 5.000 ns   ; SwOut ; Debouncer1:DB1|DelayEn  ; Clk      ;
; N/A   ; None         ; 4.391 ns   ; SwOut ; Debouncer2:DB2|SwOut_d1 ; Clk      ;
+-------+--------------+------------+-------+-------------------------+----------+


+-----------------------------------------------------------------------------------+
; tco                                                                               ;
+-------+--------------+------------+-----------------------+----------+------------+
; Slack ; Required tco ; Actual tco ; From                  ; To       ; From Clock ;
+-------+--------------+------------+-----------------------+----------+------------+
; N/A   ; None         ; 6.508 ns   ; Debouncer1:DB1|OutDB1 ; SwOutDB1 ; Clk        ;
; N/A   ; None         ; 6.222 ns   ; Debouncer2:DB2|OutDB1 ; SwOutDB2 ; Clk        ;
+-------+--------------+------------+-----------------------+----------+------------+


+--------------------------------------------------------------------------------------+
; th                                                                                   ;
+---------------+-------------+-----------+-------+-------------------------+----------+
; Minimum Slack ; Required th ; Actual th ; From  ; To                      ; To Clock ;
+---------------+-------------+-----------+-------+-------------------------+----------+
; N/A           ; None        ; -4.339 ns ; SwOut ; Debouncer2:DB2|SwOut_d1 ; Clk      ;
; N/A           ; None        ; -4.948 ns ; SwOut ; Debouncer1:DB1|DelayEn  ; Clk      ;
+---------------+-------------+-----------+-------+-------------------------+----------+


+--------------------------+
; Timing Analyzer Messages ;
+--------------------------+
Info: *******************************************************************
Info: Running Quartus II Classic Timing Analyzer
    Info: Version 9.1 Build 222 10/21/2009 SJ Web Edition
    Info: Processing started: Thu Apr 06 13:06:12 2017
Info: Command: quartus_tan --read_settings_files=off --write_settings_files=off Debouncer -c Debouncer --timing_analysis_only
Warning: Found pins functioning as undefined clocks and/or memory enables
    Info: Assuming node "Clk" is an undefined clock
Info: Clock "Clk" Internal fmax is restricted to 275.03 MHz between source register "Debouncer2:DB2|Cntr[0]" and destination register "Debouncer1:DB1|DelayEn"
    Info: fmax restricted to Clock High delay (1.818 ns) plus Clock Low delay (1.818 ns) : restricted to 3.636 ns. Expand message to see actual delay path.
        Info: + Longest register to register delay is 1.619 ns
            Info: 1: + IC(0.000 ns) + CELL(0.000 ns) = 0.000 ns; Loc. = LC_X1_Y4_N2; Fanout = 5; REG Node = 'Debouncer2:DB2|Cntr[0]'
            Info: 2: + IC(0.572 ns) + CELL(0.292 ns) = 0.864 ns; Loc. = LC_X1_Y4_N5; Fanout = 1; COMB Node = 'Debouncer1:DB1|OutDB1~1'
            Info: 3: + IC(0.446 ns) + CELL(0.309 ns) = 1.619 ns; Loc. = LC_X1_Y4_N0; Fanout = 3; REG Node = 'Debouncer1:DB1|DelayEn'
            Info: Total cell delay = 0.601 ns ( 37.12 % )
            Info: Total interconnect delay = 1.018 ns ( 62.88 % )
        Info: - Smallest clock skew is 0.000 ns
            Info: + Shortest clock path from clock "Clk" to destination register is 2.730 ns
                Info: 1: + IC(0.000 ns) + CELL(1.469 ns) = 1.469 ns; Loc. = PIN_17; Fanout = 6; CLK Node = 'Clk'
                Info: 2: + IC(0.550 ns) + CELL(0.711 ns) = 2.730 ns; Loc. = LC_X1_Y4_N0; Fanout = 3; REG Node = 'Debouncer1:DB1|DelayEn'
                Info: Total cell delay = 2.180 ns ( 79.85 % )
                Info: Total interconnect delay = 0.550 ns ( 20.15 % )
            Info: - Longest clock path from clock "Clk" to source register is 2.730 ns
                Info: 1: + IC(0.000 ns) + CELL(1.469 ns) = 1.469 ns; Loc. = PIN_17; Fanout = 6; CLK Node = 'Clk'
                Info: 2: + IC(0.550 ns) + CELL(0.711 ns) = 2.730 ns; Loc. = LC_X1_Y4_N2; Fanout = 5; REG Node = 'Debouncer2:DB2|Cntr[0]'
                Info: Total cell delay = 2.180 ns ( 79.85 % )
                Info: Total interconnect delay = 0.550 ns ( 20.15 % )
        Info: + Micro clock to output delay of source is 0.224 ns
        Info: + Micro setup delay of destination is 0.037 ns
Info: tsu for register "Debouncer1:DB1|DelayEn" (data pin = "SwOut", clock pin = "Clk") is 5.000 ns
    Info: + Longest pin to register delay is 7.693 ns
        Info: 1: + IC(0.000 ns) + CELL(1.469 ns) = 1.469 ns; Loc. = PIN_11; Fanout = 2; PIN Node = 'SwOut'
        Info: 2: + IC(5.486 ns) + CELL(0.738 ns) = 7.693 ns; Loc. = LC_X1_Y4_N0; Fanout = 3; REG Node = 'Debouncer1:DB1|DelayEn'
        Info: Total cell delay = 2.207 ns ( 28.69 % )
        Info: Total interconnect delay = 5.486 ns ( 71.31 % )
    Info: + Micro setup delay of destination is 0.037 ns
    Info: - Shortest clock path from clock "Clk" to destination register is 2.730 ns
        Info: 1: + IC(0.000 ns) + CELL(1.469 ns) = 1.469 ns; Loc. = PIN_17; Fanout = 6; CLK Node = 'Clk'
        Info: 2: + IC(0.550 ns) + CELL(0.711 ns) = 2.730 ns; Loc. = LC_X1_Y4_N0; Fanout = 3; REG Node = 'Debouncer1:DB1|DelayEn'
        Info: Total cell delay = 2.180 ns ( 79.85 % )
        Info: Total interconnect delay = 0.550 ns ( 20.15 % )
Info: tco from clock "Clk" to destination pin "SwOutDB1" through register "Debouncer1:DB1|OutDB1" is 6.508 ns
    Info: + Longest clock path from clock "Clk" to source register is 2.730 ns
        Info: 1: + IC(0.000 ns) + CELL(1.469 ns) = 1.469 ns; Loc. = PIN_17; Fanout = 6; CLK Node = 'Clk'
        Info: 2: + IC(0.550 ns) + CELL(0.711 ns) = 2.730 ns; Loc. = LC_X1_Y4_N8; Fanout = 2; REG Node = 'Debouncer1:DB1|OutDB1'
        Info: Total cell delay = 2.180 ns ( 79.85 % )
        Info: Total interconnect delay = 0.550 ns ( 20.15 % )
    Info: + Micro clock to output delay of source is 0.224 ns
    Info: + Longest register to pin delay is 3.554 ns
        Info: 1: + IC(0.000 ns) + CELL(0.000 ns) = 0.000 ns; Loc. = LC_X1_Y4_N8; Fanout = 2; REG Node = 'Debouncer1:DB1|OutDB1'
        Info: 2: + IC(1.430 ns) + CELL(2.124 ns) = 3.554 ns; Loc. = PIN_26; Fanout = 0; PIN Node = 'SwOutDB1'
        Info: Total cell delay = 2.124 ns ( 59.76 % )
        Info: Total interconnect delay = 1.430 ns ( 40.24 % )
Info: th for register "Debouncer2:DB2|SwOut_d1" (data pin = "SwOut", clock pin = "Clk") is -4.339 ns
    Info: + Longest clock path from clock "Clk" to destination register is 2.730 ns
        Info: 1: + IC(0.000 ns) + CELL(1.469 ns) = 1.469 ns; Loc. = PIN_17; Fanout = 6; CLK Node = 'Clk'
        Info: 2: + IC(0.550 ns) + CELL(0.711 ns) = 2.730 ns; Loc. = LC_X1_Y4_N4; Fanout = 3; REG Node = 'Debouncer2:DB2|SwOut_d1'
        Info: Total cell delay = 2.180 ns ( 79.85 % )
        Info: Total interconnect delay = 0.550 ns ( 20.15 % )
    Info: + Micro hold delay of destination is 0.015 ns
    Info: - Shortest pin to register delay is 7.084 ns
        Info: 1: + IC(0.000 ns) + CELL(1.469 ns) = 1.469 ns; Loc. = PIN_11; Fanout = 2; PIN Node = 'SwOut'
        Info: 2: + IC(5.500 ns) + CELL(0.115 ns) = 7.084 ns; Loc. = LC_X1_Y4_N4; Fanout = 3; REG Node = 'Debouncer2:DB2|SwOut_d1'
        Info: Total cell delay = 1.584 ns ( 22.36 % )
        Info: Total interconnect delay = 5.500 ns ( 77.64 % )
Info: Quartus II Classic Timing Analyzer was successful. 0 errors, 1 warning
    Info: Peak virtual memory: 201 megabytes
    Info: Processing ended: Thu Apr 06 13:06:13 2017
    Info: Elapsed time: 00:00:01
    Info: Total CPU time (on all processors): 00:00:00


