Classic Timing Analyzer report for intro
Wed Mar 22 22:40:31 2017
Quartus II Version 9.1 Build 222 10/21/2009 SJ Web Edition


---------------------
; Table of Contents ;
---------------------
  1. Legal Notice
  2. Timing Analyzer Summary
  3. Timing Analyzer Settings
  4. Clock Settings Summary
  5. Parallel Compilation
  6. Clock Setup: 'Clk'
  7. tco
  8. tpd
  9. Timing Analyzer Messages



----------------
; Legal Notice ;
----------------
Copyright (C) 1991-2009 Altera Corporation
Your use of Altera Corporation's design tools, logic functions 
and other software and tools, and its AMPP partner logic 
functions, and any output files from any of the foregoing 
(including device programming or simulation files), and any 
associated documentation or information are expressly subject 
to the terms and conditions of the Altera Program License 
Subscription Agreement, Altera MegaCore Function License 
Agreement, or other applicable license agreement, including, 
without limitation, that your use is for the sole purpose of 
programming logic devices manufactured by Altera and sold by 
Altera or its authorized distributors.  Please refer to the 
applicable agreement for further details.



+------------------------------------------------------------------------------------------------------------------------------------------------------------------------------------------------------------+
; Timing Analyzer Summary                                                                                                                                                                                    ;
+------------------------------+-------+---------------+------------------------------------------------+------------------------------+------------------------------+------------+----------+--------------+
; Type                         ; Slack ; Required Time ; Actual Time                                    ; From                         ; To                           ; From Clock ; To Clock ; Failed Paths ;
+------------------------------+-------+---------------+------------------------------------------------+------------------------------+------------------------------+------------+----------+--------------+
; Worst-case tco               ; N/A   ; None          ; 7.884 ns                                       ; CounterNbit:Cntr1|Counter[0] ; Out                          ; Clk        ; --       ; 0            ;
; Worst-case tpd               ; N/A   ; None          ; 10.056 ns                                      ; Sel                          ; Out                          ; --         ; --       ; 0            ;
; Clock Setup: 'Clk'           ; N/A   ; None          ; Restricted to 275.03 MHz ( period = 3.636 ns ) ; CounterNbit:Cntr1|Counter[2] ; CounterNbit:Cntr1|Counter[2] ; Clk        ; Clk      ; 0            ;
; Total number of failed paths ;       ;               ;                                                ;                              ;                              ;            ;          ; 0            ;
+------------------------------+-------+---------------+------------------------------------------------+------------------------------+------------------------------+------------+----------+--------------+


+-----------------------------------------------------------------------------------------------------------------------------------------------------+
; Timing Analyzer Settings                                                                                                                            ;
+------------------------------------------------------------------------------------------------------+--------------------+------+----+-------------+
; Option                                                                                               ; Setting            ; From ; To ; Entity Name ;
+------------------------------------------------------------------------------------------------------+--------------------+------+----+-------------+
; Device Name                                                                                          ; EP1C3T144C8        ;      ;    ;             ;
; Timing Models                                                                                        ; Final              ;      ;    ;             ;
; Default hold multicycle                                                                              ; Same as Multicycle ;      ;    ;             ;
; Cut paths between unrelated clock domains                                                            ; On                 ;      ;    ;             ;
; Cut off read during write signal paths                                                               ; On                 ;      ;    ;             ;
; Cut off feedback from I/O pins                                                                       ; On                 ;      ;    ;             ;
; Report Combined Fast/Slow Timing                                                                     ; Off                ;      ;    ;             ;
; Ignore Clock Settings                                                                                ; Off                ;      ;    ;             ;
; Analyze latches as synchronous elements                                                              ; On                 ;      ;    ;             ;
; Enable Recovery/Removal analysis                                                                     ; Off                ;      ;    ;             ;
; Enable Clock Latency                                                                                 ; Off                ;      ;    ;             ;
; Use TimeQuest Timing Analyzer                                                                        ; Off                ;      ;    ;             ;
; Minimum Core Junction Temperature                                                                    ; 0                  ;      ;    ;             ;
; Maximum Core Junction Temperature                                                                    ; 85                 ;      ;    ;             ;
; Number of source nodes to report per destination node                                                ; 10                 ;      ;    ;             ;
; Number of destination nodes to report                                                                ; 10                 ;      ;    ;             ;
; Number of paths to report                                                                            ; 200                ;      ;    ;             ;
; Report Minimum Timing Checks                                                                         ; Off                ;      ;    ;             ;
; Use Fast Timing Models                                                                               ; Off                ;      ;    ;             ;
; Report IO Paths Separately                                                                           ; Off                ;      ;    ;             ;
; Perform Multicorner Analysis                                                                         ; Off                ;      ;    ;             ;
; Reports the worst-case path for each clock domain and analysis                                       ; Off                ;      ;    ;             ;
; Reports worst-case timing paths for each clock domain and analysis                                   ; On                 ;      ;    ;             ;
; Specifies the maximum number of worst-case timing paths to report for each clock domain and analysis ; 100                ;      ;    ;             ;
; Removes common clock path pessimism (CCPP) during slack computation                                  ; Off                ;      ;    ;             ;
; Output I/O Timing Endpoint                                                                           ; Near End           ;      ;    ;             ;
+------------------------------------------------------------------------------------------------------+--------------------+------+----+-------------+


+------------------------------------------------------------------------------------------------------------------------------------------------------------------------------------+
; Clock Settings Summary                                                                                                                                                             ;
+-----------------+--------------------+----------+------------------+---------------+--------------+----------+-----------------------+---------------------+--------+--------------+
; Clock Node Name ; Clock Setting Name ; Type     ; Fmax Requirement ; Early Latency ; Late Latency ; Based on ; Multiply Base Fmax by ; Divide Base Fmax by ; Offset ; Phase offset ;
+-----------------+--------------------+----------+------------------+---------------+--------------+----------+-----------------------+---------------------+--------+--------------+
; Clk             ;                    ; User Pin ; None             ; 0.000 ns      ; 0.000 ns     ; --       ; N/A                   ; N/A                 ; N/A    ;              ;
+-----------------+--------------------+----------+------------------+---------------+--------------+----------+-----------------------+---------------------+--------+--------------+


Parallel compilation was disabled, but you have multiple processors available. Enable parallel compilation to reduce compilation time.
+-------------------------------------+
; Parallel Compilation                ;
+----------------------------+--------+
; Processors                 ; Number ;
+----------------------------+--------+
; Number detected on machine ; 2      ;
; Maximum allowed            ; 1      ;
+----------------------------+--------+


+----------------------------------------------------------------------------------------------------------------------------------------------------------------------------------------------------------------------------------+
; Clock Setup: 'Clk'                                                                                                                                                                                                               ;
+-------+------------------------------------------------+------------------------------+------------------------------+------------+----------+-----------------------------+---------------------------+-------------------------+
; Slack ; Actual fmax (period)                           ; From                         ; To                           ; From Clock ; To Clock ; Required Setup Relationship ; Required Longest P2P Time ; Actual Longest P2P Time ;
+-------+------------------------------------------------+------------------------------+------------------------------+------------+----------+-----------------------------+---------------------------+-------------------------+
; N/A   ; Restricted to 275.03 MHz ( period = 3.636 ns ) ; CounterNbit:Cntr1|Counter[2] ; CounterNbit:Cntr1|Counter[2] ; Clk        ; Clk      ; None                        ; None                      ; 1.105 ns                ;
; N/A   ; Restricted to 275.03 MHz ( period = 3.636 ns ) ; CounterNbit:Cntr1|Counter[0] ; CounterNbit:Cntr1|Counter[1] ; Clk        ; Clk      ; None                        ; None                      ; 1.043 ns                ;
; N/A   ; Restricted to 275.03 MHz ( period = 3.636 ns ) ; CounterNbit:Cntr1|Counter[0] ; CounterNbit:Cntr1|Counter[2] ; Clk        ; Clk      ; None                        ; None                      ; 1.040 ns                ;
; N/A   ; Restricted to 275.03 MHz ( period = 3.636 ns ) ; CounterNbit:Cntr1|Counter[0] ; CounterNbit:Cntr1|Counter[0] ; Clk        ; Clk      ; None                        ; None                      ; 1.038 ns                ;
; N/A   ; Restricted to 275.03 MHz ( period = 3.636 ns ) ; CounterNbit:Cntr1|Counter[1] ; CounterNbit:Cntr1|Counter[2] ; Clk        ; Clk      ; None                        ; None                      ; 0.841 ns                ;
; N/A   ; Restricted to 275.03 MHz ( period = 3.636 ns ) ; CounterNbit:Cntr1|Counter[1] ; CounterNbit:Cntr1|Counter[1] ; Clk        ; Clk      ; None                        ; None                      ; 0.837 ns                ;
+-------+------------------------------------------------+------------------------------+------------------------------+------------+----------+-----------------------------+---------------------------+-------------------------+


+-------------------------------------------------------------------------------------+
; tco                                                                                 ;
+-------+--------------+------------+------------------------------+-----+------------+
; Slack ; Required tco ; Actual tco ; From                         ; To  ; From Clock ;
+-------+--------------+------------+------------------------------+-----+------------+
; N/A   ; None         ; 7.884 ns   ; CounterNbit:Cntr1|Counter[0] ; Out ; Clk        ;
; N/A   ; None         ; 7.403 ns   ; CounterNbit:Cntr1|Counter[2] ; Out ; Clk        ;
+-------+--------------+------------+------------------------------+-----+------------+


+----------------------------------------------------------+
; tpd                                                      ;
+-------+-------------------+-----------------+------+-----+
; Slack ; Required P2P Time ; Actual P2P Time ; From ; To  ;
+-------+-------------------+-----------------+------+-----+
; N/A   ; None              ; 10.056 ns       ; Sel  ; Out ;
+-------+-------------------+-----------------+------+-----+


+--------------------------+
; Timing Analyzer Messages ;
+--------------------------+
Info: *******************************************************************
Info: Running Quartus II Classic Timing Analyzer
    Info: Version 9.1 Build 222 10/21/2009 SJ Web Edition
    Info: Processing started: Wed Mar 22 22:40:31 2017
Info: Command: quartus_tan --read_settings_files=off --write_settings_files=off intro -c intro --timing_analysis_only
Warning: Found pins functioning as undefined clocks and/or memory enables
    Info: Assuming node "Clk" is an undefined clock
Info: Clock "Clk" Internal fmax is restricted to 275.03 MHz between source register "CounterNbit:Cntr1|Counter[2]" and destination register "CounterNbit:Cntr1|Counter[2]"
    Info: fmax restricted to Clock High delay (1.818 ns) plus Clock Low delay (1.818 ns) : restricted to 3.636 ns. Expand message to see actual delay path.
        Info: + Longest register to register delay is 1.105 ns
            Info: 1: + IC(0.000 ns) + CELL(0.000 ns) = 0.000 ns; Loc. = LC_X1_Y10_N4; Fanout = 2; REG Node = 'CounterNbit:Cntr1|Counter[2]'
            Info: 2: + IC(0.498 ns) + CELL(0.607 ns) = 1.105 ns; Loc. = LC_X1_Y10_N4; Fanout = 2; REG Node = 'CounterNbit:Cntr1|Counter[2]'
            Info: Total cell delay = 0.607 ns ( 54.93 % )
            Info: Total interconnect delay = 0.498 ns ( 45.07 % )
        Info: - Smallest clock skew is 0.000 ns
            Info: + Shortest clock path from clock "Clk" to destination register is 2.768 ns
                Info: 1: + IC(0.000 ns) + CELL(1.469 ns) = 1.469 ns; Loc. = PIN_17; Fanout = 3; CLK Node = 'Clk'
                Info: 2: + IC(0.588 ns) + CELL(0.711 ns) = 2.768 ns; Loc. = LC_X1_Y10_N4; Fanout = 2; REG Node = 'CounterNbit:Cntr1|Counter[2]'
                Info: Total cell delay = 2.180 ns ( 78.76 % )
                Info: Total interconnect delay = 0.588 ns ( 21.24 % )
            Info: - Longest clock path from clock "Clk" to source register is 2.768 ns
                Info: 1: + IC(0.000 ns) + CELL(1.469 ns) = 1.469 ns; Loc. = PIN_17; Fanout = 3; CLK Node = 'Clk'
                Info: 2: + IC(0.588 ns) + CELL(0.711 ns) = 2.768 ns; Loc. = LC_X1_Y10_N4; Fanout = 2; REG Node = 'CounterNbit:Cntr1|Counter[2]'
                Info: Total cell delay = 2.180 ns ( 78.76 % )
                Info: Total interconnect delay = 0.588 ns ( 21.24 % )
        Info: + Micro clock to output delay of source is 0.224 ns
        Info: + Micro setup delay of destination is 0.037 ns
Info: tco from clock "Clk" to destination pin "Out" through register "CounterNbit:Cntr1|Counter[0]" is 7.884 ns
    Info: + Longest clock path from clock "Clk" to source register is 2.768 ns
        Info: 1: + IC(0.000 ns) + CELL(1.469 ns) = 1.469 ns; Loc. = PIN_17; Fanout = 3; CLK Node = 'Clk'
        Info: 2: + IC(0.588 ns) + CELL(0.711 ns) = 2.768 ns; Loc. = LC_X1_Y10_N2; Fanout = 4; REG Node = 'CounterNbit:Cntr1|Counter[0]'
        Info: Total cell delay = 2.180 ns ( 78.76 % )
        Info: Total interconnect delay = 0.588 ns ( 21.24 % )
    Info: + Micro clock to output delay of source is 0.224 ns
    Info: + Longest register to pin delay is 4.892 ns
        Info: 1: + IC(0.000 ns) + CELL(0.000 ns) = 0.000 ns; Loc. = LC_X1_Y10_N2; Fanout = 4; REG Node = 'CounterNbit:Cntr1|Counter[0]'
        Info: 2: + IC(1.086 ns) + CELL(0.590 ns) = 1.676 ns; Loc. = LC_X1_Y10_N6; Fanout = 1; COMB Node = 'OpSelect:Select1|OpOut~0'
        Info: 3: + IC(1.092 ns) + CELL(2.124 ns) = 4.892 ns; Loc. = PIN_7; Fanout = 0; PIN Node = 'Out'
        Info: Total cell delay = 2.714 ns ( 55.48 % )
        Info: Total interconnect delay = 2.178 ns ( 44.52 % )
Info: Longest tpd from source pin "Sel" to destination pin "Out" is 10.056 ns
    Info: 1: + IC(0.000 ns) + CELL(1.469 ns) = 1.469 ns; Loc. = PIN_3; Fanout = 1; PIN Node = 'Sel'
    Info: 2: + IC(5.079 ns) + CELL(0.292 ns) = 6.840 ns; Loc. = LC_X1_Y10_N6; Fanout = 1; COMB Node = 'OpSelect:Select1|OpOut~0'
    Info: 3: + IC(1.092 ns) + CELL(2.124 ns) = 10.056 ns; Loc. = PIN_7; Fanout = 0; PIN Node = 'Out'
    Info: Total cell delay = 3.885 ns ( 38.63 % )
    Info: Total interconnect delay = 6.171 ns ( 61.37 % )
Info: Quartus II Classic Timing Analyzer was successful. 0 errors, 1 warning
    Info: Peak virtual memory: 200 megabytes
    Info: Processing ended: Wed Mar 22 22:40:31 2017
    Info: Elapsed time: 00:00:00
    Info: Total CPU time (on all processors): 00:00:01


