Classic Timing Analyzer report for Exercise
Wed Mar 29 16:48:00 2017
Quartus II Version 9.1 Build 222 10/21/2009 SJ Web Edition


---------------------
; Table of Contents ;
---------------------
  1. Legal Notice
  2. Timing Analyzer Summary
  3. Timing Analyzer Settings
  4. Clock Settings Summary
  5. Parallel Compilation
  6. Clock Setup: 'Clk'
  7. tsu
  8. tco
  9. th
 10. Timing Analyzer Messages



----------------
; Legal Notice ;
----------------
Copyright (C) 1991-2009 Altera Corporation
Your use of Altera Corporation's design tools, logic functions 
and other software and tools, and its AMPP partner logic 
functions, and any output files from any of the foregoing 
(including device programming or simulation files), and any 
associated documentation or information are expressly subject 
to the terms and conditions of the Altera Program License 
Subscription Agreement, Altera MegaCore Function License 
Agreement, or other applicable license agreement, including, 
without limitation, that your use is for the sole purpose of 
programming logic devices manufactured by Altera and sold by 
Altera or its authorized distributors.  Please refer to the 
applicable agreement for further details.



+--------------------------------------------------------------------------------------------------------------------------------------------------------------------------------------------------------+
; Timing Analyzer Summary                                                                                                                                                                                ;
+------------------------------+-------+---------------+------------------------------------------------+----------------------------+----------------------------+------------+----------+--------------+
; Type                         ; Slack ; Required Time ; Actual Time                                    ; From                       ; To                         ; From Clock ; To Clock ; Failed Paths ;
+------------------------------+-------+---------------+------------------------------------------------+----------------------------+----------------------------+------------+----------+--------------+
; Worst-case tsu               ; N/A   ; None          ; 5.230 ns                                       ; CntEn                      ; BCDCounter:BCD1|Counter[3] ; --         ; Clk      ; 0            ;
; Worst-case tco               ; N/A   ; None          ; 6.664 ns                                       ; BCDCounter:BCD1|Counter[2] ; Cout[2]                    ; Clk        ; --       ; 0            ;
; Worst-case th                ; N/A   ; None          ; -0.318 ns                                      ; nReset                     ; BCDCounter:BCD1|Next       ; --         ; Clk      ; 0            ;
; Clock Setup: 'Clk'           ; N/A   ; None          ; Restricted to 275.03 MHz ( period = 3.636 ns ) ; BCDCounter:BCD1|Counter[2] ; BCDCounter:BCD1|Counter[3] ; Clk        ; Clk      ; 0            ;
; Total number of failed paths ;       ;               ;                                                ;                            ;                            ;            ;          ; 0            ;
+------------------------------+-------+---------------+------------------------------------------------+----------------------------+----------------------------+------------+----------+--------------+


+-----------------------------------------------------------------------------------------------------------------------------------------------------+
; Timing Analyzer Settings                                                                                                                            ;
+------------------------------------------------------------------------------------------------------+--------------------+------+----+-------------+
; Option                                                                                               ; Setting            ; From ; To ; Entity Name ;
+------------------------------------------------------------------------------------------------------+--------------------+------+----+-------------+
; Device Name                                                                                          ; EP1C3T144C8        ;      ;    ;             ;
; Timing Models                                                                                        ; Final              ;      ;    ;             ;
; Default hold multicycle                                                                              ; Same as Multicycle ;      ;    ;             ;
; Cut paths between unrelated clock domains                                                            ; On                 ;      ;    ;             ;
; Cut off read during write signal paths                                                               ; On                 ;      ;    ;             ;
; Cut off feedback from I/O pins                                                                       ; On                 ;      ;    ;             ;
; Report Combined Fast/Slow Timing                                                                     ; Off                ;      ;    ;             ;
; Ignore Clock Settings                                                                                ; Off                ;      ;    ;             ;
; Analyze latches as synchronous elements                                                              ; On                 ;      ;    ;             ;
; Enable Recovery/Removal analysis                                                                     ; Off                ;      ;    ;             ;
; Enable Clock Latency                                                                                 ; Off                ;      ;    ;             ;
; Use TimeQuest Timing Analyzer                                                                        ; Off                ;      ;    ;             ;
; Minimum Core Junction Temperature                                                                    ; 0                  ;      ;    ;             ;
; Maximum Core Junction Temperature                                                                    ; 85                 ;      ;    ;             ;
; Number of source nodes to report per destination node                                                ; 10                 ;      ;    ;             ;
; Number of destination nodes to report                                                                ; 10                 ;      ;    ;             ;
; Number of paths to report                                                                            ; 200                ;      ;    ;             ;
; Report Minimum Timing Checks                                                                         ; Off                ;      ;    ;             ;
; Use Fast Timing Models                                                                               ; Off                ;      ;    ;             ;
; Report IO Paths Separately                                                                           ; Off                ;      ;    ;             ;
; Perform Multicorner Analysis                                                                         ; Off                ;      ;    ;             ;
; Reports the worst-case path for each clock domain and analysis                                       ; Off                ;      ;    ;             ;
; Reports worst-case timing paths for each clock domain and analysis                                   ; On                 ;      ;    ;             ;
; Specifies the maximum number of worst-case timing paths to report for each clock domain and analysis ; 100                ;      ;    ;             ;
; Removes common clock path pessimism (CCPP) during slack computation                                  ; Off                ;      ;    ;             ;
; Output I/O Timing Endpoint                                                                           ; Near End           ;      ;    ;             ;
+------------------------------------------------------------------------------------------------------+--------------------+------+----+-------------+


+------------------------------------------------------------------------------------------------------------------------------------------------------------------------------------+
; Clock Settings Summary                                                                                                                                                             ;
+-----------------+--------------------+----------+------------------+---------------+--------------+----------+-----------------------+---------------------+--------+--------------+
; Clock Node Name ; Clock Setting Name ; Type     ; Fmax Requirement ; Early Latency ; Late Latency ; Based on ; Multiply Base Fmax by ; Divide Base Fmax by ; Offset ; Phase offset ;
+-----------------+--------------------+----------+------------------+---------------+--------------+----------+-----------------------+---------------------+--------+--------------+
; Clk             ;                    ; User Pin ; None             ; 0.000 ns      ; 0.000 ns     ; --       ; N/A                   ; N/A                 ; N/A    ;              ;
+-----------------+--------------------+----------+------------------+---------------+--------------+----------+-----------------------+---------------------+--------+--------------+


Parallel compilation was disabled, but you have multiple processors available. Enable parallel compilation to reduce compilation time.
+-------------------------------------+
; Parallel Compilation                ;
+----------------------------+--------+
; Processors                 ; Number ;
+----------------------------+--------+
; Number detected on machine ; 2      ;
; Maximum allowed            ; 1      ;
+----------------------------+--------+


+------------------------------------------------------------------------------------------------------------------------------------------------------------------------------------------------------------------------------+
; Clock Setup: 'Clk'                                                                                                                                                                                                           ;
+-------+------------------------------------------------+----------------------------+----------------------------+------------+----------+-----------------------------+---------------------------+-------------------------+
; Slack ; Actual fmax (period)                           ; From                       ; To                         ; From Clock ; To Clock ; Required Setup Relationship ; Required Longest P2P Time ; Actual Longest P2P Time ;
+-------+------------------------------------------------+----------------------------+----------------------------+------------+----------+-----------------------------+---------------------------+-------------------------+
; N/A   ; Restricted to 275.03 MHz ( period = 3.636 ns ) ; BCDCounter:BCD1|Counter[2] ; BCDCounter:BCD1|Counter[3] ; Clk        ; Clk      ; None                        ; None                      ; 1.739 ns                ;
; N/A   ; Restricted to 275.03 MHz ( period = 3.636 ns ) ; BCDCounter:BCD1|Counter[2] ; BCDCounter:BCD1|Counter[1] ; Clk        ; Clk      ; None                        ; None                      ; 1.738 ns                ;
; N/A   ; Restricted to 275.03 MHz ( period = 3.636 ns ) ; BCDCounter:BCD1|Counter[2] ; BCDCounter:BCD1|Counter[2] ; Clk        ; Clk      ; None                        ; None                      ; 1.736 ns                ;
; N/A   ; Restricted to 275.03 MHz ( period = 3.636 ns ) ; BCDCounter:BCD1|Counter[2] ; BCDCounter:BCD1|Next       ; Clk        ; Clk      ; None                        ; None                      ; 1.626 ns                ;
; N/A   ; Restricted to 275.03 MHz ( period = 3.636 ns ) ; BCDCounter:BCD1|Counter[3] ; BCDCounter:BCD1|Next       ; Clk        ; Clk      ; None                        ; None                      ; 1.433 ns                ;
; N/A   ; Restricted to 275.03 MHz ( period = 3.636 ns ) ; BCDCounter:BCD1|Counter[1] ; BCDCounter:BCD1|Next       ; Clk        ; Clk      ; None                        ; None                      ; 1.363 ns                ;
; N/A   ; Restricted to 275.03 MHz ( period = 3.636 ns ) ; BCDCounter:BCD1|Counter[1] ; BCDCounter:BCD1|Counter[3] ; Clk        ; Clk      ; None                        ; None                      ; 1.307 ns                ;
; N/A   ; Restricted to 275.03 MHz ( period = 3.636 ns ) ; BCDCounter:BCD1|Counter[1] ; BCDCounter:BCD1|Counter[1] ; Clk        ; Clk      ; None                        ; None                      ; 1.302 ns                ;
; N/A   ; Restricted to 275.03 MHz ( period = 3.636 ns ) ; BCDCounter:BCD1|Counter[3] ; BCDCounter:BCD1|Counter[1] ; Clk        ; Clk      ; None                        ; None                      ; 1.287 ns                ;
; N/A   ; Restricted to 275.03 MHz ( period = 3.636 ns ) ; BCDCounter:BCD1|Counter[3] ; BCDCounter:BCD1|Counter[3] ; Clk        ; Clk      ; None                        ; None                      ; 1.281 ns                ;
; N/A   ; Restricted to 275.03 MHz ( period = 3.636 ns ) ; BCDCounter:BCD1|Counter[0] ; BCDCounter:BCD1|Counter[0] ; Clk        ; Clk      ; None                        ; None                      ; 1.238 ns                ;
; N/A   ; Restricted to 275.03 MHz ( period = 3.636 ns ) ; BCDCounter:BCD1|Counter[0] ; BCDCounter:BCD1|Next       ; Clk        ; Clk      ; None                        ; None                      ; 1.174 ns                ;
; N/A   ; Restricted to 275.03 MHz ( period = 3.636 ns ) ; BCDCounter:BCD1|Next       ; BCDCounter:BCD1|Next       ; Clk        ; Clk      ; None                        ; None                      ; 1.105 ns                ;
; N/A   ; Restricted to 275.03 MHz ( period = 3.636 ns ) ; BCDCounter:BCD1|Counter[1] ; BCDCounter:BCD1|Counter[2] ; Clk        ; Clk      ; None                        ; None                      ; 1.059 ns                ;
; N/A   ; Restricted to 275.03 MHz ( period = 3.636 ns ) ; BCDCounter:BCD1|Counter[0] ; BCDCounter:BCD1|Counter[1] ; Clk        ; Clk      ; None                        ; None                      ; 0.879 ns                ;
; N/A   ; Restricted to 275.03 MHz ( period = 3.636 ns ) ; BCDCounter:BCD1|Counter[0] ; BCDCounter:BCD1|Counter[2] ; Clk        ; Clk      ; None                        ; None                      ; 0.877 ns                ;
; N/A   ; Restricted to 275.03 MHz ( period = 3.636 ns ) ; BCDCounter:BCD1|Counter[0] ; BCDCounter:BCD1|Counter[3] ; Clk        ; Clk      ; None                        ; None                      ; 0.871 ns                ;
+-------+------------------------------------------------+----------------------------+----------------------------+------------+----------+-----------------------------+---------------------------+-------------------------+


+------------------------------------------------------------------------------------+
; tsu                                                                                ;
+-------+--------------+------------+--------+----------------------------+----------+
; Slack ; Required tsu ; Actual tsu ; From   ; To                         ; To Clock ;
+-------+--------------+------------+--------+----------------------------+----------+
; N/A   ; None         ; 5.230 ns   ; CntEn  ; BCDCounter:BCD1|Counter[0] ; Clk      ;
; N/A   ; None         ; 5.230 ns   ; CntEn  ; BCDCounter:BCD1|Counter[1] ; Clk      ;
; N/A   ; None         ; 5.230 ns   ; CntEn  ; BCDCounter:BCD1|Counter[3] ; Clk      ;
; N/A   ; None         ; 5.056 ns   ; CntEn  ; BCDCounter:BCD1|Counter[2] ; Clk      ;
; N/A   ; None         ; 5.056 ns   ; CntEn  ; BCDCounter:BCD1|Next       ; Clk      ;
; N/A   ; None         ; 0.370 ns   ; nReset ; BCDCounter:BCD1|Next       ; Clk      ;
+-------+--------------+------------+--------+----------------------------+----------+


+---------------------------------------------------------------------------------------+
; tco                                                                                   ;
+-------+--------------+------------+----------------------------+---------+------------+
; Slack ; Required tco ; Actual tco ; From                       ; To      ; From Clock ;
+-------+--------------+------------+----------------------------+---------+------------+
; N/A   ; None         ; 6.664 ns   ; BCDCounter:BCD1|Counter[2] ; Cout[2] ; Clk        ;
; N/A   ; None         ; 6.662 ns   ; BCDCounter:BCD1|Counter[1] ; Cout[1] ; Clk        ;
; N/A   ; None         ; 6.653 ns   ; BCDCounter:BCD1|Next       ; NextEn  ; Clk        ;
; N/A   ; None         ; 6.649 ns   ; BCDCounter:BCD1|Counter[3] ; Cout[3] ; Clk        ;
; N/A   ; None         ; 6.262 ns   ; BCDCounter:BCD1|Counter[0] ; Cout[0] ; Clk        ;
+-------+--------------+------------+----------------------------+---------+------------+


+------------------------------------------------------------------------------------------+
; th                                                                                       ;
+---------------+-------------+-----------+--------+----------------------------+----------+
; Minimum Slack ; Required th ; Actual th ; From   ; To                         ; To Clock ;
+---------------+-------------+-----------+--------+----------------------------+----------+
; N/A           ; None        ; -0.318 ns ; nReset ; BCDCounter:BCD1|Next       ; Clk      ;
; N/A           ; None        ; -5.004 ns ; CntEn  ; BCDCounter:BCD1|Counter[2] ; Clk      ;
; N/A           ; None        ; -5.004 ns ; CntEn  ; BCDCounter:BCD1|Next       ; Clk      ;
; N/A           ; None        ; -5.178 ns ; CntEn  ; BCDCounter:BCD1|Counter[0] ; Clk      ;
; N/A           ; None        ; -5.178 ns ; CntEn  ; BCDCounter:BCD1|Counter[1] ; Clk      ;
; N/A           ; None        ; -5.178 ns ; CntEn  ; BCDCounter:BCD1|Counter[3] ; Clk      ;
+---------------+-------------+-----------+--------+----------------------------+----------+


+--------------------------+
; Timing Analyzer Messages ;
+--------------------------+
Info: *******************************************************************
Info: Running Quartus II Classic Timing Analyzer
    Info: Version 9.1 Build 222 10/21/2009 SJ Web Edition
    Info: Processing started: Wed Mar 29 16:48:00 2017
Info: Command: quartus_tan --read_settings_files=off --write_settings_files=off Exercise -c Exercise --timing_analysis_only
Warning: Found pins functioning as undefined clocks and/or memory enables
    Info: Assuming node "Clk" is an undefined clock
Info: Clock "Clk" Internal fmax is restricted to 275.03 MHz between source register "BCDCounter:BCD1|Counter[2]" and destination register "BCDCounter:BCD1|Counter[3]"
    Info: fmax restricted to Clock High delay (1.818 ns) plus Clock Low delay (1.818 ns) : restricted to 3.636 ns. Expand message to see actual delay path.
        Info: + Longest register to register delay is 1.739 ns
            Info: 1: + IC(0.000 ns) + CELL(0.000 ns) = 0.000 ns; Loc. = LC_X1_Y11_N9; Fanout = 5; REG Node = 'BCDCounter:BCD1|Counter[2]'
            Info: 2: + IC(1.132 ns) + CELL(0.607 ns) = 1.739 ns; Loc. = LC_X1_Y11_N5; Fanout = 4; REG Node = 'BCDCounter:BCD1|Counter[3]'
            Info: Total cell delay = 0.607 ns ( 34.91 % )
            Info: Total interconnect delay = 1.132 ns ( 65.09 % )
        Info: - Smallest clock skew is 0.000 ns
            Info: + Shortest clock path from clock "Clk" to destination register is 2.770 ns
                Info: 1: + IC(0.000 ns) + CELL(1.469 ns) = 1.469 ns; Loc. = PIN_17; Fanout = 5; CLK Node = 'Clk'
                Info: 2: + IC(0.590 ns) + CELL(0.711 ns) = 2.770 ns; Loc. = LC_X1_Y11_N5; Fanout = 4; REG Node = 'BCDCounter:BCD1|Counter[3]'
                Info: Total cell delay = 2.180 ns ( 78.70 % )
                Info: Total interconnect delay = 0.590 ns ( 21.30 % )
            Info: - Longest clock path from clock "Clk" to source register is 2.770 ns
                Info: 1: + IC(0.000 ns) + CELL(1.469 ns) = 1.469 ns; Loc. = PIN_17; Fanout = 5; CLK Node = 'Clk'
                Info: 2: + IC(0.590 ns) + CELL(0.711 ns) = 2.770 ns; Loc. = LC_X1_Y11_N9; Fanout = 5; REG Node = 'BCDCounter:BCD1|Counter[2]'
                Info: Total cell delay = 2.180 ns ( 78.70 % )
                Info: Total interconnect delay = 0.590 ns ( 21.30 % )
        Info: + Micro clock to output delay of source is 0.224 ns
        Info: + Micro setup delay of destination is 0.037 ns
Info: tsu for register "BCDCounter:BCD1|Counter[0]" (data pin = "CntEn", clock pin = "Clk") is 5.230 ns
    Info: + Longest pin to register delay is 7.963 ns
        Info: 1: + IC(0.000 ns) + CELL(1.469 ns) = 1.469 ns; Loc. = PIN_28; Fanout = 5; PIN Node = 'CntEn'
        Info: 2: + IC(5.627 ns) + CELL(0.867 ns) = 7.963 ns; Loc. = LC_X1_Y11_N6; Fanout = 6; REG Node = 'BCDCounter:BCD1|Counter[0]'
        Info: Total cell delay = 2.336 ns ( 29.34 % )
        Info: Total interconnect delay = 5.627 ns ( 70.66 % )
    Info: + Micro setup delay of destination is 0.037 ns
    Info: - Shortest clock path from clock "Clk" to destination register is 2.770 ns
        Info: 1: + IC(0.000 ns) + CELL(1.469 ns) = 1.469 ns; Loc. = PIN_17; Fanout = 5; CLK Node = 'Clk'
        Info: 2: + IC(0.590 ns) + CELL(0.711 ns) = 2.770 ns; Loc. = LC_X1_Y11_N6; Fanout = 6; REG Node = 'BCDCounter:BCD1|Counter[0]'
        Info: Total cell delay = 2.180 ns ( 78.70 % )
        Info: Total interconnect delay = 0.590 ns ( 21.30 % )
Info: tco from clock "Clk" to destination pin "Cout[2]" through register "BCDCounter:BCD1|Counter[2]" is 6.664 ns
    Info: + Longest clock path from clock "Clk" to source register is 2.770 ns
        Info: 1: + IC(0.000 ns) + CELL(1.469 ns) = 1.469 ns; Loc. = PIN_17; Fanout = 5; CLK Node = 'Clk'
        Info: 2: + IC(0.590 ns) + CELL(0.711 ns) = 2.770 ns; Loc. = LC_X1_Y11_N9; Fanout = 5; REG Node = 'BCDCounter:BCD1|Counter[2]'
        Info: Total cell delay = 2.180 ns ( 78.70 % )
        Info: Total interconnect delay = 0.590 ns ( 21.30 % )
    Info: + Micro clock to output delay of source is 0.224 ns
    Info: + Longest register to pin delay is 3.670 ns
        Info: 1: + IC(0.000 ns) + CELL(0.000 ns) = 0.000 ns; Loc. = LC_X1_Y11_N9; Fanout = 5; REG Node = 'BCDCounter:BCD1|Counter[2]'
        Info: 2: + IC(1.546 ns) + CELL(2.124 ns) = 3.670 ns; Loc. = PIN_3; Fanout = 0; PIN Node = 'Cout[2]'
        Info: Total cell delay = 2.124 ns ( 57.87 % )
        Info: Total interconnect delay = 1.546 ns ( 42.13 % )
Info: th for register "BCDCounter:BCD1|Next" (data pin = "nReset", clock pin = "Clk") is -0.318 ns
    Info: + Longest clock path from clock "Clk" to destination register is 2.770 ns
        Info: 1: + IC(0.000 ns) + CELL(1.469 ns) = 1.469 ns; Loc. = PIN_17; Fanout = 5; CLK Node = 'Clk'
        Info: 2: + IC(0.590 ns) + CELL(0.711 ns) = 2.770 ns; Loc. = LC_X1_Y11_N4; Fanout = 2; REG Node = 'BCDCounter:BCD1|Next'
        Info: Total cell delay = 2.180 ns ( 78.70 % )
        Info: Total interconnect delay = 0.590 ns ( 21.30 % )
    Info: + Micro hold delay of destination is 0.015 ns
    Info: - Shortest pin to register delay is 3.103 ns
        Info: 1: + IC(0.000 ns) + CELL(1.469 ns) = 1.469 ns; Loc. = PIN_16; Fanout = 5; PIN Node = 'nReset'
        Info: 2: + IC(1.156 ns) + CELL(0.478 ns) = 3.103 ns; Loc. = LC_X1_Y11_N4; Fanout = 2; REG Node = 'BCDCounter:BCD1|Next'
        Info: Total cell delay = 1.947 ns ( 62.75 % )
        Info: Total interconnect delay = 1.156 ns ( 37.25 % )
Info: Quartus II Classic Timing Analyzer was successful. 0 errors, 1 warning
    Info: Peak virtual memory: 200 megabytes
    Info: Processing ended: Wed Mar 29 16:48:00 2017
    Info: Elapsed time: 00:00:00
    Info: Total CPU time (on all processors): 00:00:01


