Classic Timing Analyzer report for LongPulse
Wed Apr 19 21:10:16 2017
Quartus II Version 9.1 Build 222 10/21/2009 SJ Web Edition


---------------------
; Table of Contents ;
---------------------
  1. Legal Notice
  2. Timing Analyzer Summary
  3. Timing Analyzer Settings
  4. Clock Settings Summary
  5. Parallel Compilation
  6. Clock Setup: 'Clk'
  7. tsu
  8. tco
  9. th
 10. Timing Analyzer Messages



----------------
; Legal Notice ;
----------------
Copyright (C) 1991-2009 Altera Corporation
Your use of Altera Corporation's design tools, logic functions 
and other software and tools, and its AMPP partner logic 
functions, and any output files from any of the foregoing 
(including device programming or simulation files), and any 
associated documentation or information are expressly subject 
to the terms and conditions of the Altera Program License 
Subscription Agreement, Altera MegaCore Function License 
Agreement, or other applicable license agreement, including, 
without limitation, that your use is for the sole purpose of 
programming logic devices manufactured by Altera and sold by 
Altera or its authorized distributors.  Please refer to the 
applicable agreement for further details.



+-------------------------------------------------------------------------------------------------------------------------------------------------------------------+
; Timing Analyzer Summary                                                                                                                                           ;
+------------------------------+-------+---------------+------------------------------------------------+----------+---------+------------+----------+--------------+
; Type                         ; Slack ; Required Time ; Actual Time                                    ; From     ; To      ; From Clock ; To Clock ; Failed Paths ;
+------------------------------+-------+---------------+------------------------------------------------+----------+---------+------------+----------+--------------+
; Worst-case tsu               ; N/A   ; None          ; 4.559 ns                                       ; Pin      ; pulseEn ; --         ; Clk      ; 0            ;
; Worst-case tco               ; N/A   ; None          ; 6.638 ns                                       ; pulseEn  ; Pout    ; Clk        ; --       ; 0            ;
; Worst-case th                ; N/A   ; None          ; -3.900 ns                                      ; Pin      ; Pin_d1  ; --         ; Clk      ; 0            ;
; Clock Setup: 'Clk'           ; N/A   ; None          ; Restricted to 275.03 MHz ( period = 3.636 ns ) ; Count[1] ; pulseEn ; Clk        ; Clk      ; 0            ;
; Total number of failed paths ;       ;               ;                                                ;          ;         ;            ;          ; 0            ;
+------------------------------+-------+---------------+------------------------------------------------+----------+---------+------------+----------+--------------+


+-----------------------------------------------------------------------------------------------------------------------------------------------------+
; Timing Analyzer Settings                                                                                                                            ;
+------------------------------------------------------------------------------------------------------+--------------------+------+----+-------------+
; Option                                                                                               ; Setting            ; From ; To ; Entity Name ;
+------------------------------------------------------------------------------------------------------+--------------------+------+----+-------------+
; Device Name                                                                                          ; EP1C3T144C8        ;      ;    ;             ;
; Timing Models                                                                                        ; Final              ;      ;    ;             ;
; Default hold multicycle                                                                              ; Same as Multicycle ;      ;    ;             ;
; Cut paths between unrelated clock domains                                                            ; On                 ;      ;    ;             ;
; Cut off read during write signal paths                                                               ; On                 ;      ;    ;             ;
; Cut off feedback from I/O pins                                                                       ; On                 ;      ;    ;             ;
; Report Combined Fast/Slow Timing                                                                     ; Off                ;      ;    ;             ;
; Ignore Clock Settings                                                                                ; Off                ;      ;    ;             ;
; Analyze latches as synchronous elements                                                              ; On                 ;      ;    ;             ;
; Enable Recovery/Removal analysis                                                                     ; Off                ;      ;    ;             ;
; Enable Clock Latency                                                                                 ; Off                ;      ;    ;             ;
; Use TimeQuest Timing Analyzer                                                                        ; Off                ;      ;    ;             ;
; Minimum Core Junction Temperature                                                                    ; 0                  ;      ;    ;             ;
; Maximum Core Junction Temperature                                                                    ; 85                 ;      ;    ;             ;
; Number of source nodes to report per destination node                                                ; 10                 ;      ;    ;             ;
; Number of destination nodes to report                                                                ; 10                 ;      ;    ;             ;
; Number of paths to report                                                                            ; 200                ;      ;    ;             ;
; Report Minimum Timing Checks                                                                         ; Off                ;      ;    ;             ;
; Use Fast Timing Models                                                                               ; Off                ;      ;    ;             ;
; Report IO Paths Separately                                                                           ; Off                ;      ;    ;             ;
; Perform Multicorner Analysis                                                                         ; Off                ;      ;    ;             ;
; Reports the worst-case path for each clock domain and analysis                                       ; Off                ;      ;    ;             ;
; Reports worst-case timing paths for each clock domain and analysis                                   ; On                 ;      ;    ;             ;
; Specifies the maximum number of worst-case timing paths to report for each clock domain and analysis ; 100                ;      ;    ;             ;
; Removes common clock path pessimism (CCPP) during slack computation                                  ; Off                ;      ;    ;             ;
; Output I/O Timing Endpoint                                                                           ; Near End           ;      ;    ;             ;
+------------------------------------------------------------------------------------------------------+--------------------+------+----+-------------+


+------------------------------------------------------------------------------------------------------------------------------------------------------------------------------------+
; Clock Settings Summary                                                                                                                                                             ;
+-----------------+--------------------+----------+------------------+---------------+--------------+----------+-----------------------+---------------------+--------+--------------+
; Clock Node Name ; Clock Setting Name ; Type     ; Fmax Requirement ; Early Latency ; Late Latency ; Based on ; Multiply Base Fmax by ; Divide Base Fmax by ; Offset ; Phase offset ;
+-----------------+--------------------+----------+------------------+---------------+--------------+----------+-----------------------+---------------------+--------+--------------+
; Clk             ;                    ; User Pin ; None             ; 0.000 ns      ; 0.000 ns     ; --       ; N/A                   ; N/A                 ; N/A    ;              ;
+-----------------+--------------------+----------+------------------+---------------+--------------+----------+-----------------------+---------------------+--------+--------------+


Parallel compilation was disabled, but you have multiple processors available. Enable parallel compilation to reduce compilation time.
+-------------------------------------+
; Parallel Compilation                ;
+----------------------------+--------+
; Processors                 ; Number ;
+----------------------------+--------+
; Number detected on machine ; 2      ;
; Maximum allowed            ; 1      ;
+----------------------------+--------+


+------------------------------------------------------------------------------------------------------------------------------------------------------------------------------------------+
; Clock Setup: 'Clk'                                                                                                                                                                       ;
+-------+------------------------------------------------+----------+----------+------------+----------+-----------------------------+---------------------------+-------------------------+
; Slack ; Actual fmax (period)                           ; From     ; To       ; From Clock ; To Clock ; Required Setup Relationship ; Required Longest P2P Time ; Actual Longest P2P Time ;
+-------+------------------------------------------------+----------+----------+------------+----------+-----------------------------+---------------------------+-------------------------+
; N/A   ; Restricted to 275.03 MHz ( period = 3.636 ns ) ; Count[1] ; pulseEn  ; Clk        ; Clk      ; None                        ; None                      ; 1.430 ns                ;
; N/A   ; Restricted to 275.03 MHz ( period = 3.636 ns ) ; Count[2] ; pulseEn  ; Clk        ; Clk      ; None                        ; None                      ; 1.334 ns                ;
; N/A   ; Restricted to 275.03 MHz ( period = 3.636 ns ) ; Count[2] ; Count[2] ; Clk        ; Clk      ; None                        ; None                      ; 1.272 ns                ;
; N/A   ; Restricted to 275.03 MHz ( period = 3.636 ns ) ; Count[1] ; Count[2] ; Clk        ; Clk      ; None                        ; None                      ; 1.266 ns                ;
; N/A   ; Restricted to 275.03 MHz ( period = 3.636 ns ) ; Count[1] ; Count[1] ; Clk        ; Clk      ; None                        ; None                      ; 1.261 ns                ;
; N/A   ; Restricted to 275.03 MHz ( period = 3.636 ns ) ; Count[0] ; pulseEn  ; Clk        ; Clk      ; None                        ; None                      ; 1.171 ns                ;
; N/A   ; Restricted to 275.03 MHz ( period = 3.636 ns ) ; pulseEn  ; Count[2] ; Clk        ; Clk      ; None                        ; None                      ; 1.151 ns                ;
; N/A   ; Restricted to 275.03 MHz ( period = 3.636 ns ) ; pulseEn  ; Count[1] ; Clk        ; Clk      ; None                        ; None                      ; 1.151 ns                ;
; N/A   ; Restricted to 275.03 MHz ( period = 3.636 ns ) ; Pin_d1   ; pulseEn  ; Clk        ; Clk      ; None                        ; None                      ; 1.131 ns                ;
; N/A   ; Restricted to 275.03 MHz ( period = 3.636 ns ) ; pulseEn  ; pulseEn  ; Clk        ; Clk      ; None                        ; None                      ; 1.061 ns                ;
; N/A   ; Restricted to 275.03 MHz ( period = 3.636 ns ) ; pulseEn  ; Count[0] ; Clk        ; Clk      ; None                        ; None                      ; 1.059 ns                ;
; N/A   ; Restricted to 275.03 MHz ( period = 3.636 ns ) ; Count[0] ; Count[2] ; Clk        ; Clk      ; None                        ; None                      ; 0.879 ns                ;
; N/A   ; Restricted to 275.03 MHz ( period = 3.636 ns ) ; Count[0] ; Count[1] ; Clk        ; Clk      ; None                        ; None                      ; 0.874 ns                ;
; N/A   ; Restricted to 275.03 MHz ( period = 3.636 ns ) ; Count[0] ; Count[0] ; Clk        ; Clk      ; None                        ; None                      ; 0.873 ns                ;
+-------+------------------------------------------------+----------+----------+------------+----------+-----------------------------+---------------------------+-------------------------+


+---------------------------------------------------------------+
; tsu                                                           ;
+-------+--------------+------------+------+---------+----------+
; Slack ; Required tsu ; Actual tsu ; From ; To      ; To Clock ;
+-------+--------------+------------+------+---------+----------+
; N/A   ; None         ; 4.559 ns   ; Pin  ; pulseEn ; Clk      ;
; N/A   ; None         ; 3.952 ns   ; Pin  ; Pin_d1  ; Clk      ;
+-------+--------------+------------+------+---------+----------+


+-----------------------------------------------------------------+
; tco                                                             ;
+-------+--------------+------------+---------+------+------------+
; Slack ; Required tco ; Actual tco ; From    ; To   ; From Clock ;
+-------+--------------+------------+---------+------+------------+
; N/A   ; None         ; 6.638 ns   ; pulseEn ; Pout ; Clk        ;
+-------+--------------+------------+---------+------+------------+


+---------------------------------------------------------------------+
; th                                                                  ;
+---------------+-------------+-----------+------+---------+----------+
; Minimum Slack ; Required th ; Actual th ; From ; To      ; To Clock ;
+---------------+-------------+-----------+------+---------+----------+
; N/A           ; None        ; -3.900 ns ; Pin  ; Pin_d1  ; Clk      ;
; N/A           ; None        ; -4.507 ns ; Pin  ; pulseEn ; Clk      ;
+---------------+-------------+-----------+------+---------+----------+


+--------------------------+
; Timing Analyzer Messages ;
+--------------------------+
Info: *******************************************************************
Info: Running Quartus II Classic Timing Analyzer
    Info: Version 9.1 Build 222 10/21/2009 SJ Web Edition
    Info: Processing started: Wed Apr 19 21:10:16 2017
Info: Command: quartus_tan --read_settings_files=off --write_settings_files=off LongPulse -c LongPulse --timing_analysis_only
Warning: Found pins functioning as undefined clocks and/or memory enables
    Info: Assuming node "Clk" is an undefined clock
Info: Clock "Clk" Internal fmax is restricted to 275.03 MHz between source register "Count[1]" and destination register "pulseEn"
    Info: fmax restricted to Clock High delay (1.818 ns) plus Clock Low delay (1.818 ns) : restricted to 3.636 ns. Expand message to see actual delay path.
        Info: + Longest register to register delay is 1.430 ns
            Info: 1: + IC(0.000 ns) + CELL(0.000 ns) = 0.000 ns; Loc. = LC_X1_Y11_N5; Fanout = 3; REG Node = 'Count[1]'
            Info: 2: + IC(0.497 ns) + CELL(0.442 ns) = 0.939 ns; Loc. = LC_X1_Y11_N7; Fanout = 1; COMB Node = 'Equal0~0'
            Info: 3: + IC(0.182 ns) + CELL(0.309 ns) = 1.430 ns; Loc. = LC_X1_Y11_N8; Fanout = 5; REG Node = 'pulseEn'
            Info: Total cell delay = 0.751 ns ( 52.52 % )
            Info: Total interconnect delay = 0.679 ns ( 47.48 % )
        Info: - Smallest clock skew is 0.000 ns
            Info: + Shortest clock path from clock "Clk" to destination register is 2.768 ns
                Info: 1: + IC(0.000 ns) + CELL(1.469 ns) = 1.469 ns; Loc. = PIN_17; Fanout = 5; CLK Node = 'Clk'
                Info: 2: + IC(0.588 ns) + CELL(0.711 ns) = 2.768 ns; Loc. = LC_X1_Y11_N8; Fanout = 5; REG Node = 'pulseEn'
                Info: Total cell delay = 2.180 ns ( 78.76 % )
                Info: Total interconnect delay = 0.588 ns ( 21.24 % )
            Info: - Longest clock path from clock "Clk" to source register is 2.768 ns
                Info: 1: + IC(0.000 ns) + CELL(1.469 ns) = 1.469 ns; Loc. = PIN_17; Fanout = 5; CLK Node = 'Clk'
                Info: 2: + IC(0.588 ns) + CELL(0.711 ns) = 2.768 ns; Loc. = LC_X1_Y11_N5; Fanout = 3; REG Node = 'Count[1]'
                Info: Total cell delay = 2.180 ns ( 78.76 % )
                Info: Total interconnect delay = 0.588 ns ( 21.24 % )
        Info: + Micro clock to output delay of source is 0.224 ns
        Info: + Micro setup delay of destination is 0.037 ns
Info: tsu for register "pulseEn" (data pin = "Pin", clock pin = "Clk") is 4.559 ns
    Info: + Longest pin to register delay is 7.290 ns
        Info: 1: + IC(0.000 ns) + CELL(1.469 ns) = 1.469 ns; Loc. = PIN_3; Fanout = 2; PIN Node = 'Pin'
        Info: 2: + IC(5.083 ns) + CELL(0.738 ns) = 7.290 ns; Loc. = LC_X1_Y11_N8; Fanout = 5; REG Node = 'pulseEn'
        Info: Total cell delay = 2.207 ns ( 30.27 % )
        Info: Total interconnect delay = 5.083 ns ( 69.73 % )
    Info: + Micro setup delay of destination is 0.037 ns
    Info: - Shortest clock path from clock "Clk" to destination register is 2.768 ns
        Info: 1: + IC(0.000 ns) + CELL(1.469 ns) = 1.469 ns; Loc. = PIN_17; Fanout = 5; CLK Node = 'Clk'
        Info: 2: + IC(0.588 ns) + CELL(0.711 ns) = 2.768 ns; Loc. = LC_X1_Y11_N8; Fanout = 5; REG Node = 'pulseEn'
        Info: Total cell delay = 2.180 ns ( 78.76 % )
        Info: Total interconnect delay = 0.588 ns ( 21.24 % )
Info: tco from clock "Clk" to destination pin "Pout" through register "pulseEn" is 6.638 ns
    Info: + Longest clock path from clock "Clk" to source register is 2.768 ns
        Info: 1: + IC(0.000 ns) + CELL(1.469 ns) = 1.469 ns; Loc. = PIN_17; Fanout = 5; CLK Node = 'Clk'
        Info: 2: + IC(0.588 ns) + CELL(0.711 ns) = 2.768 ns; Loc. = LC_X1_Y11_N8; Fanout = 5; REG Node = 'pulseEn'
        Info: Total cell delay = 2.180 ns ( 78.76 % )
        Info: Total interconnect delay = 0.588 ns ( 21.24 % )
    Info: + Micro clock to output delay of source is 0.224 ns
    Info: + Longest register to pin delay is 3.646 ns
        Info: 1: + IC(0.000 ns) + CELL(0.000 ns) = 0.000 ns; Loc. = LC_X1_Y11_N8; Fanout = 5; REG Node = 'pulseEn'
        Info: 2: + IC(1.522 ns) + CELL(2.124 ns) = 3.646 ns; Loc. = PIN_7; Fanout = 0; PIN Node = 'Pout'
        Info: Total cell delay = 2.124 ns ( 58.26 % )
        Info: Total interconnect delay = 1.522 ns ( 41.74 % )
Info: th for register "Pin_d1" (data pin = "Pin", clock pin = "Clk") is -3.900 ns
    Info: + Longest clock path from clock "Clk" to destination register is 2.768 ns
        Info: 1: + IC(0.000 ns) + CELL(1.469 ns) = 1.469 ns; Loc. = PIN_17; Fanout = 5; CLK Node = 'Clk'
        Info: 2: + IC(0.588 ns) + CELL(0.711 ns) = 2.768 ns; Loc. = LC_X1_Y11_N4; Fanout = 1; REG Node = 'Pin_d1'
        Info: Total cell delay = 2.180 ns ( 78.76 % )
        Info: Total interconnect delay = 0.588 ns ( 21.24 % )
    Info: + Micro hold delay of destination is 0.015 ns
    Info: - Shortest pin to register delay is 6.683 ns
        Info: 1: + IC(0.000 ns) + CELL(1.469 ns) = 1.469 ns; Loc. = PIN_3; Fanout = 2; PIN Node = 'Pin'
        Info: 2: + IC(5.099 ns) + CELL(0.115 ns) = 6.683 ns; Loc. = LC_X1_Y11_N4; Fanout = 1; REG Node = 'Pin_d1'
        Info: Total cell delay = 1.584 ns ( 23.70 % )
        Info: Total interconnect delay = 5.099 ns ( 76.30 % )
Info: Quartus II Classic Timing Analyzer was successful. 0 errors, 1 warning
    Info: Peak virtual memory: 200 megabytes
    Info: Processing ended: Wed Apr 19 21:10:17 2017
    Info: Elapsed time: 00:00:01
    Info: Total CPU time (on all processors): 00:00:00


